{"message":"name is required","level":"error"}
{"message":"name is required","level":"error"}
{"message":"folderId is required","level":"error"}
{"message":"folderId is required","level":"error"}
{"message":"Note with id 10 created","level":"info"}
{"message":"Note with id 11 not found","level":"error"}
{"message":"Note with id 10 deleted","level":"info"}
{"message":"Folder with id 4 created","level":"info"}
{"message":"Folder with id 5 not found","level":"error"}
{"message":"Folder with id 4 deleted","level":"info"}
{"message":"Folder with id 5 created","level":"info"}
{"message":"folderid is required","level":"error"}
{"message":"Note with id 11 created","level":"info"}
{"message":"Note with id 11 deleted","level":"info"}
{"message":"Note with id 11 not found","level":"error"}
{"message":"Note with id 11 not found","level":"error"}
{"message":"Note with id 12 created","level":"info"}
{"message":"Note with id 12 deleted","level":"info"}
{"message":"Note with id 13 created","level":"info"}
{"message":"Note with id 13 deleted","level":"info"}
{"message":"Note with id 13 not found","level":"error"}
{"message":"Note with id 13 not found","level":"error"}
{"message":"Note with id 13 not found","level":"error"}
{"message":"Note with id 13 not found","level":"error"}
{"message":"Note with id 14 created","level":"info"}
{"message":"Note with id 14 deleted","level":"info"}
{"message":"Note with id 15 created","level":"info"}
{"message":"Note with id 15 deleted","level":"info"}
{"message":"Note with id 16 created","level":"info"}
{"message":"Note with id 16 deleted","level":"info"}
{"message":"Note with id 3 deleted","level":"info"}
{"message":"Note with id 17 created","level":"info"}
{"message":"Note with id 17 deleted","level":"info"}
{"message":"Note with id 9 deleted","level":"info"}
{"message":"Note with id 8 deleted","level":"info"}
{"message":"Note with id 4 deleted","level":"info"}
